<?xml version="1.0" encoding="UTF-8"?>
<!-- Generated by org.testng.reporters.JUnitReportReporter -->
<testsuite hostname="DESKTOP-TQITTE4" failures="0" tests="1" name="Practicejenkins_Framework1.CreateCampaignTest" time="2.273" errors="0" timestamp="2022-08-16T16:29:01 IST" skipped="0">
  <testcase classname="Practicejenkins_Framework1.CreateCampaignTest" name="createCampaignTest" time="2.273"/>
  <system-out/>
</testsuite> <!-- Practicejenkins_Framework1.CreateCampaignTest -->
