<?xml version="1.0" encoding="UTF-8"?>
<!-- Generated by org.testng.reporters.JUnitReportReporter -->
<testsuite hostname="DESKTOP-TQITTE4" failures="0" tests="2" name="Practicejenkins_Framework1.CreateCampaignTest" time="4.221" errors="0" timestamp="2022-08-16T14:46:31 IST" skipped="0">
  <testcase classname="Practicejenkins_Framework1.CreateCampaignTest" name="createCampaignTest" time="4.220"/>
  <system-out/>
  <testcase classname="Practicejenkins_Framework1.CreateCampaignTest" name="createTask" time="0.001"/>
  <system-out/>
</testsuite> <!-- Practicejenkins_Framework1.CreateCampaignTest -->
